[debug] [2021-07-15T11:03:12.464Z] ----------------------------------------------------------------------
[debug] [2021-07-15T11:03:12.466Z] Command:       /Users/dmitrijmalahov/.nvm/versions/node/v14.16.1/bin/node /usr/local/bin/firebase emulators:start
[debug] [2021-07-15T11:03:12.466Z] CLI Version:   9.6.0
[debug] [2021-07-15T11:03:12.466Z] Platform:      darwin
[debug] [2021-07-15T11:03:12.466Z] Node Version:  v14.16.1
[debug] [2021-07-15T11:03:12.467Z] Time:          Thu Jul 15 2021 14:03:12 GMT+0300 (Moscow Standard Time)
[debug] [2021-07-15T11:03:12.467Z] ----------------------------------------------------------------------
[debug] [2021-07-15T11:03:12.467Z] 
[debug] [2021-07-15T11:03:12.471Z] > command requires scopes: ["email","openid","https://www.googleapis.com/auth/cloudplatformprojects.readonly","https://www.googleapis.com/auth/firebase","https://www.googleapis.com/auth/cloud-platform"]
[debug] [2021-07-15T11:03:12.472Z] > authorizing via signed-in user
[info] i  emulators: Starting emulators: auth, database, hosting {"metadata":{"emulator":{"name":"hub"},"message":"Starting emulators: auth, database, hosting"}}
[debug] [2021-07-15T11:03:12.487Z] [hub] writing locator at /var/folders/fy/kfhxz3w523nbm990x2fv7y1r0000gn/T/hub-forever-qr.json
[debug] [2021-07-15T11:03:12.511Z] >>> [apiv2][query] GET https://firebase.googleapis.com/v1beta1/projects/forever-qr [none]
[debug] [2021-07-15T11:03:12.773Z] <<< [apiv2][status] GET https://firebase.googleapis.com/v1beta1/projects/forever-qr 200
[debug] [2021-07-15T11:03:12.773Z] <<< [apiv2][body] GET https://firebase.googleapis.com/v1beta1/projects/forever-qr {"projectId":"forever-qr","projectNumber":"624742749302","displayName":"forever-qr","name":"projects/forever-qr","resources":{"hostingSite":"forever-qr","realtimeDatabaseInstance":"forever-qr-default-rtdb","storageBucket":"forever-qr.appspot.com","locationId":"europe-west"},"state":"ACTIVE"}
[debug] [2021-07-15T11:03:12.773Z] database rules config:  [{"instance":"forever-qr-default-rtdb","rules":"/Users/dmitrijmalahov/code/pets/f-qr/database.rules.json"}]
[debug] [2021-07-15T11:03:12.776Z] Ignoring unsupported arg: projectId {"metadata":{"emulator":{"name":"database"},"message":"Ignoring unsupported arg: projectId"}}
[debug] [2021-07-15T11:03:12.776Z] Ignoring unsupported arg: auto_download {"metadata":{"emulator":{"name":"database"},"message":"Ignoring unsupported arg: auto_download"}}
[debug] [2021-07-15T11:03:12.776Z] Ignoring unsupported arg: rules {"metadata":{"emulator":{"name":"database"},"message":"Ignoring unsupported arg: rules"}}
[debug] [2021-07-15T11:03:12.777Z] Starting Database Emulator with command {"binary":"java","args":["-Duser.language=en","-jar","/Users/dmitrijmalahov/.cache/firebase/emulators/firebase-database-emulator-v4.7.2.jar","--host","localhost","--port",9000],"optionalArgs":["port","host","functions_emulator_port","functions_emulator_host"],"joinArgs":false} {"metadata":{"emulator":{"name":"database"},"message":"Starting Database Emulator with command {\"binary\":\"java\",\"args\":[\"-Duser.language=en\",\"-jar\",\"/Users/dmitrijmalahov/.cache/firebase/emulators/firebase-database-emulator-v4.7.2.jar\",\"--host\",\"localhost\",\"--port\",9000],\"optionalArgs\":[\"port\",\"host\",\"functions_emulator_port\",\"functions_emulator_host\"],\"joinArgs\":false}"}}
[info] i  database: Database Emulator logging to database-debug.log {"metadata":{"emulator":{"name":"database"},"message":"Database Emulator logging to \u001b[1mdatabase-debug.log\u001b[22m"}}
[debug] [2021-07-15T11:03:13.421Z] WARNING: An illegal reflective access operation has occurred
WARNING: Illegal reflective access by io.netty.util.internal.ReflectionUtil (file:/Users/dmitrijmalahov/.cache/firebase/emulators/firebase-database-emulator-v4.7.2.jar) to field sun.nio.ch.SelectorImpl.selectedKeys
WARNING: Please consider reporting this to the maintainers of io.netty.util.internal.ReflectionUtil
WARNING: Use --illegal-access=warn to enable warnings of further illegal reflective access operations
WARNING: All illegal access operations will be denied in a future release
 {"metadata":{"emulator":{"name":"database"},"message":"WARNING: An illegal reflective access operation has occurred\nWARNING: Illegal reflective access by io.netty.util.internal.ReflectionUtil (file:/Users/dmitrijmalahov/.cache/firebase/emulators/firebase-database-emulator-v4.7.2.jar) to field sun.nio.ch.SelectorImpl.selectedKeys\nWARNING: Please consider reporting this to the maintainers of io.netty.util.internal.ReflectionUtil\nWARNING: Use --illegal-access=warn to enable warnings of further illegal reflective access operations\nWARNING: All illegal access operations will be denied in a future release\n"}}
[debug] [2021-07-15T11:03:14.105Z] 14:03:14.104 [NamespaceSystem-akka.actor.default-dispatcher-4] INFO akka.event.slf4j.Slf4jLogger - Slf4jLogger started
 {"metadata":{"emulator":{"name":"database"},"message":"14:03:14.104 [NamespaceSystem-akka.actor.default-dispatcher-4] INFO akka.event.slf4j.Slf4jLogger - Slf4jLogger started\n"}}
[debug] [2021-07-15T11:03:14.235Z] 14:03:14.235 [main] INFO com.firebase.server.forge.App$ - Listening at localhost:9000
 {"metadata":{"emulator":{"name":"database"},"message":"14:03:14.235 [main] INFO com.firebase.server.forge.App$ - Listening at localhost:9000\n"}}
[debug] [2021-07-15T11:03:16.538Z] >>> [apiv2][query] GET https://firebase.googleapis.com/v1beta1/projects/forever-qr/webApps/-/config [none]
[debug] [2021-07-15T11:03:17.361Z] <<< [apiv2][status] GET https://firebase.googleapis.com/v1beta1/projects/forever-qr/webApps/-/config 200
[debug] [2021-07-15T11:03:17.362Z] <<< [apiv2][body] GET https://firebase.googleapis.com/v1beta1/projects/forever-qr/webApps/-/config {"projectId":"forever-qr","appId":"1:624742749302:web:50b993ff172ceaca85bb57","databaseURL":"https://forever-qr-default-rtdb.europe-west1.firebasedatabase.app","storageBucket":"forever-qr.appspot.com","locationId":"europe-west","apiKey":"AIzaSyCwr2eJ60Ps0qjwFbueTmOs9CiT8ew-0v4","authDomain":"forever-qr.firebaseapp.com","messagingSenderId":"624742749302","measurementId":"G-RPJTD3E8TD"}
[info] i  hosting: Serving hosting files from: build {"metadata":{"emulator":{"name":"hosting"},"message":"Serving hosting files from: \u001b[1mbuild\u001b[22m"}}
[info] ✔  hosting: Local server: http://localhost:5000 {"metadata":{"emulator":{"name":"hosting"},"message":"Local server: \u001b[4m\u001b[1mhttp://localhost:5000\u001b[22m\u001b[24m"}}
[debug] [2021-07-15T11:03:17.407Z] Ignoring unsupported arg: auto_download {"metadata":{"emulator":{"name":"ui"},"message":"Ignoring unsupported arg: auto_download"}}
[debug] [2021-07-15T11:03:17.407Z] Ignoring unsupported arg: port {"metadata":{"emulator":{"name":"ui"},"message":"Ignoring unsupported arg: port"}}
[debug] [2021-07-15T11:03:17.407Z] Starting Emulator UI with command {"binary":"node","args":["/Users/dmitrijmalahov/.cache/firebase/emulators/ui-v1.4.2/server.bundle.js"],"optionalArgs":[],"joinArgs":false} {"metadata":{"emulator":{"name":"ui"},"message":"Starting Emulator UI with command {\"binary\":\"node\",\"args\":[\"/Users/dmitrijmalahov/.cache/firebase/emulators/ui-v1.4.2/server.bundle.js\"],\"optionalArgs\":[],\"joinArgs\":false}"}}
[info] i  ui: Emulator UI logging to ui-debug.log {"metadata":{"emulator":{"name":"ui"},"message":"Emulator UI logging to \u001b[1mui-debug.log\u001b[22m"}}
[debug] [2021-07-15T11:03:17.501Z] Web / API server started at http://localhost:4000
 {"metadata":{"emulator":{"name":"ui"},"message":"Web / API server started at http://localhost:4000\n"}}
[debug] [2021-07-15T11:03:17.677Z] >>> HTTP REQUEST PUT http://localhost:9000/.settings/rules.json?ns=forever-qr-default-rtdb  
 {
  "rules": {
    ".read": "now < 1625173200000",  // 2021-7-2
    ".write": "now < 1625173200000",  // 2021-7-2
  }
}
[debug] [2021-07-15T11:03:18.099Z] <<< HTTP RESPONSE 200 {"content-length":"15","content-type":"application/json; charset=utf-8","access-control-allow-origin":"*","cache-control":"no-cache","x-firebase-project-id":"forever-qr-default-rtdb","x-firebase-project-number":"123456789","x-firebase-uuid":"a25b1b56-2c20-4d13-a2d9-c5ee2ba3460e"}
[info] 
┌─────────────────────────────────────────────────────────────┐
│ ✔  All emulators ready! It is now safe to connect your app. │
│ i  View Emulator UI at http://localhost:4000                │
└─────────────────────────────────────────────────────────────┘

┌────────────────┬────────────────┬────────────────────────────────┐
│ Emulator       │ Host:Port      │ View in Emulator UI            │
├────────────────┼────────────────┼────────────────────────────────┤
│ Authentication │ localhost:9099 │ http://localhost:4000/auth     │
├────────────────┼────────────────┼────────────────────────────────┤
│ Database       │ localhost:9000 │ http://localhost:4000/database │
├────────────────┼────────────────┼────────────────────────────────┤
│ Hosting        │ localhost:5000 │ n/a                            │
└────────────────┴────────────────┴────────────────────────────────┘
  Emulator Hub running at localhost:4400
  Other reserved ports: 4500

Issues? Report them at https://github.com/firebase/firebase-tools/issues and attach the *-debug.log files.
 
[warn] ⚠  Received a signed JWT. Auth Emulator does not validate JWTs and IS NOT SECURE {"metadata":{"emulator":{"name":"auth"},"message":"Received a signed JWT. Auth Emulator does not validate JWTs and IS NOT SECURE"}}
[info] i  database: Change detected, updating rules for forever-qr-default-rtdb... {"metadata":{"emulator":{"name":"database"},"message":"Change detected, updating rules for forever-qr-default-rtdb..."}}
[debug] [2021-07-15T11:06:39.064Z] >>> HTTP REQUEST PUT http://localhost:9000/.settings/rules.json?ns=forever-qr-default-rtdb  
 {
  "rules": {
    ".read": "auth != null",
    ".write": "auth != null"
  }
}

[debug] [2021-07-15T11:06:39.073Z] <<< HTTP RESPONSE 200 {"content-length":"15","content-type":"application/json; charset=utf-8","access-control-allow-origin":"*","cache-control":"no-cache","x-firebase-project-id":"forever-qr-default-rtdb","x-firebase-project-number":"123456789","x-firebase-uuid":"a25b1b56-2c20-4d13-a2d9-c5ee2ba3460e"}
[info] ✔  database: Rules updated. {"metadata":{"emulator":{"name":"database"},"message":"Rules updated."}}
[info] i  hosting: 127.0.0.1 - - [15/Jul/2021:11:29:55 +0000] "GET /__/firebase/init.js?useEmulator=true HTTP/1.1" 200 - "http://localhost:5000/" "Mozilla/5.0 (Macintosh; Intel Mac OS X 10_15_7) AppleWebKit/537.36 (KHTML, like Gecko) Chrome/91.0.4472.114 Safari/537.36" {"metadata":{"emulator":{"name":"hosting"},"message":"127.0.0.1 - - [15/Jul/2021:11:29:55 +0000] \"GET /__/firebase/init.js?useEmulator=true HTTP/1.1\" 200 - \"http://localhost:5000/\" \"Mozilla/5.0 (Macintosh; Intel Mac OS X 10_15_7) AppleWebKit/537.36 (KHTML, like Gecko) Chrome/91.0.4472.114 Safari/537.36\""}}
